make.exe all --print-data-base --no-builtin-variables --no-builtin-rules --question
# GNU Make 3.81
# Copyright (C) 2006  Free Software Foundation, Inc.
# This is free software; see the source for copying conditions.
# There is NO warranty; not even for MERCHANTABILITY or FITNESS FOR A
# PARTICULAR PURPOSE.

# This program built for i386-pc-mingw32
 

# Make data base, printed on Sun Jul 17 19:15:15 2022

# Variables

# automatic
<D = $(patsubst %/,%,$(dir $<))
# automatic
?F = $(notdir $?)
# makefile
MAKEFLAGS = Rrqp
# automatic
?D = $(patsubst %/,%,$(dir $?))
# automatic
@D = $(patsubst %/,%,$(dir $@))
# environment
HOMEDRIVE = H:
# automatic
@F = $(notdir $@)
# automatic
^D = $(patsubst %/,%,$(dir $^))
# makefile
CURDIR := c:/Dhanush/Project/Nanodegree_Workspace/Projects/Capstone_Project/CppND-Capstone-Snake-Game
# default
SHELL := sh.exe
# environme 
nt
WINDIR = C:\WINDOWS
# environment
VSCODE_NLS_CONFIG = {"locale":"en-us","availableLanguages":{},"_languagePackSupport":true}
# environment
SNC_LIB_64_2 = C:\Program Files\SAP\FrontEnd\SecureLogin\lib\sapcrypto.dll
# environment
ONEDRIVE = C:\Users\SHANKDH\OneDrive
# environment
PROFILEVERSION = Client
# environment
SSF_LIBRARY_PATH = C:\Program Files (x86)\SAP\FrontEnd\SecureLogin\lib\sapcrypto.dll
# environment
PATHEXT = .COM;.EXE;.BAT;.CMD;.VBS;.VBE;.JS;.JSE;.WSF;.WSH;.MSC
# makefile (from `makefile', line 1)
MAKEFILE_LIST :=  makefile
# environment
NEXTHINK = C:\Program Files\Nexthink\Collector
# environment
TMP = C:\Users\SHANKDH\AppData\Local\Temp
# environment
PROMPT = $P$G
# environment
PROGRAMW6432 = C:\Program Files
# environment
PROGRAMDATA = C:\ProgramData
# environment
SYSTEMMANAGEMENTHEALTHRESULT = <CMHR LastExecutionTime="20220716111705.000000+120" LastExecutionVersion="3.2.12.0" LastExecutionStatus="0"/>
# environment
VSCODE_CWD = C:\Users\SHANKDH\AppData\Local\Programs\Microsoft VS Code
# environment
PATH = C:\Program Files\Amazon Corretto\jdk1.8.0_292\bin;C:\Program Files (x86)\Amazon Corretto\jdk1.8.0_292\bin;C:\WINDOWS\system32;C:\WINDOWS;C:\WINDOWS\System32\Wbem;C:\WINDOWS\System32\WindowsPowerShell\v1.0\;C:\Program Files\PuTTY\;C:\Program Files\dotnet\;C:\Program Files\Git\cmd;C:\Dhanush\Project\Repo\OpenSSL-Win64\bin;C:\WINDOWS\System32\OpenSSH\;c:\Program Files (x86)\Vector CANdb++ 3.1\Exec32;C:\Program Files\ZenZefi\;C:\Program Files\IBM\gsk8\lib64;C:\Program Files\IBM\gsk8\bin;C:\Program Files (x86)\Intel\Intel(R) Management Engine Components\DAL;C:\Program Files\Intel\Intel(R) Management Engine Components\DAL;C:\msys64\mingw64\bin;C:\Program Files\CMake\bin;C:\Program Files (x86)\GnuWin32\bin;C:\Users\SHANKDH\AppData\Local\Microsoft\WindowsApps;;C:\Users\SHANKDH\AppData\Local\Programs\Microsoft VS Code\bin
# environment
SNC_LIB_32_2 = C:\Program Files (x86)\SAP\FrontEnd\SecureLogin\lib\sapcrypto.dll
# environment
COMMONPROGRAMW6432 = C:\Program Files\Common Files
# environment
PROCESS 
OR_ARCHITECTURE = x86
# environment
USERPROFILE = C:\Users\SHANKDH
# environment
ALLUSERSPROFILE = C:\ProgramData
# environment
NUMBER_OF_PROCESSORS = 4
# environment
ELECTRON_RUN_AS_NODE = 1
# default
.FEATURES := target-specific order-only second-expansion else-if archives
# environment
USERTLOU = EMTC
# automatic
%F = $(notdir $%)
# environment
CHROME_CRASHPAD_PIPE_NAME = \\.\pipe\crashpad_17276_YHXMNAIYFVLQRSTG
# environment
COMPUTERNAME = CMTCL079984
# environment
PROGRAMFILES = C:\Program Files (x86)
# environment
USERDNSDOMAIN = EMEA.CORPDIR.NET
# environment
DRIVERDATA = C:\Windows\System32\Drivers\DriverData
# automatic
*D = $(patsubst %/,%,$(dir $*))
# environment
ASL.LOG = Destination=file
# environment
ORIGINAL_XDG_CURRENT_DESKTOP = undefined
# environment
USERNAME = SHANKDH
# environment
PUBLIC = C:\Users\Public
# environment
VSCODE_AMD_ENTRYPOINT = vs/workbench/api/node/extensionHostProcess
# environment
VSCODE_CODE_CACHE_PATH = C:\Users\SHANKDH\AppData\Roaming\Code\CachedData\b06ae3b2d2dbfe28bca3134cc6be65935cdfea6a
# environment
APPLICATION_INSIGHTS_NO_DIAGNOSTIC_CHANNEL = true
# environment
COMMONPROGRAMFILES = C:\Program Files (x86)\Common Files
# environment
LOGONSERVER = \\SMTCDD000001
# environment
IBMLDAP_ALTHOME = C:\Program Files\DOORS 9.7.2.2\bin
# environment
VSCODE_HANDLES_UNCAUGHT_ERRORS = true
# environment
USERDOMAIN = EMEA
# environment
LOCALSMPROXYAWS = C:\ProgramData\HP\SM-Proxy\SM Proxy AWS
# environment
DCXCLIENT = Client
# default
MAKE = $(MAKE_COMMAND)
# default
MAKECMDGOALS 
 := all
# environment
LOCALSMPROXY = C:\ProgramData\HP\SM-Proxy\SM Proxy
# environment
SEE_MASK_NOZONECHECKS = 1
# environment
JAVA_HOME = C:\Program Files\Amazon Corretto\jdk1.8.0_292
# default
MAKE_VERSION := 3.81
# environment
DYNAPCO_DEPLOYMENTTYPE = Package
# makefile
.DEFAULT_GOAL := all
# environment
PROGRAMFILES(X86) = C:\Program Files (x86)
# automatic
%D = $(patsubst %/,%,$(dir $%))
# environment
CANOE_INSTALLDIR64 = c:\Program Files\Vector CANoe 12.0\Exec64\
# environment
LOCALAPPDATA = C:\Users\SHANKDH\AppData\Local
# environment
PSMODULEPATH = C:\Program Files\WindowsPowerShell\Modules;C:\WINDOWS\system32\WindowsPowerShell\v1.0\Modules;C:\Program Files (x86)\Microsoft Azure Information Protection\Powershell
# default
MAKE_COMMAND := make.exe
# environment
PROCESSOR_ARCHITEW6432 = AMD64
# default
.VARIABLES := 
# automatic
*F = $(notdir $*)
# environment
PROCESSOR_IDENTIFIER = Intel64 Family 6 Model 78 Stepping 3, GenuineIntel
# environment
OS = Windows_NT
# environment
VSCODE_IPC_HOOK = \\.\pipe\8b14bc56ef57f60402bb66ab693a9e81-1.69.1-main-sock
# environment
COMPUTERDNSDOMAIN = EMEA.corpdir.net
# environment
HOMEPATH = \
# environment
COMMONPROGRAMFILES(X86) = C:\Program Files (x86)\Common Files
# environment
HOMESHARE = \\smtcf01003.rd.corpintra.net\SHANKDH$\data
# environment
MFLAGS = -Rrqp
# environment
CANOE_INSTALLDIR = c:\Program Files\Vector CANoe 12.0\Exec64\
# environment
SNC_LIB_64 = C:\Program Files\SAP\FrontEnd\SecureLogin\lib\sapcrypto.dll
# environment
SYSTEMROOT = C:\WINDOWS
# automatic
+D = $(patsubst %/,%,$(dir $+))
# automatic
+F = $(notdir $+)
# environment
APPDATA = C:\Users\SHANKDH\AppData\Roaming
# environment
DEPLOYMENTCONFIGURATION = COP - Win10 x64 1709 GF201720.02 06
# environment
TEMP = C:\Users\SHANKDH\AppData\Local\Temp
# environment
COMSPEC = C:\WINDOWS\system32\cmd.exe
# default
MAKEFILES := 
# environment
COMPUTERDOMAIN = EMEA
# automatic
<F = $(notdir $<)
# environment
LC_ALL = C
# environment
OFFICESUITEVERSION = 2016
# environment
UATDATA = C:\WINDOWS\CCM\UATData\D9F8C395-CAB8-491d-B8AC-179A1FE1BE77
# environment
USERSID = S-1-5-21-1482476501-1450960922-725345543-3523603
# automatic
^F = $(notdir $^)
# environment
SSF_LIBRARY_PATH_64 = C:\Program Files\SAP\FrontEnd\SecureLogin\lib\sapcrypto.dll
# default
SUFFIXES := 
# environment
SYSTEMDRIVE = C:
# environment
SESSIONNAME = Console
# environment
PROCESSOR_REVISION = 4e03
# environment
PICO_DRIVER = c:\Program Files\Vector_CANoe_CANalyzer_Scope\Drivers
# environment
MAKELEVEL := 0
# environment
LOG_CONFIG_PATH = C:\Pr 
ogramData\Softing\DTS9\Joblogs
# environment
LANG = C
# environment
PROCESSOR_LEVEL = 6
# environment
VSCODE_PID = 17276
# environment
USERDOMAIN_ROAMINGPROFILE = EMEA
# variable set hash-table stats:
# Load=110/1024=11%, Rehash=0, Collisions=11/132=8%

# Pattern-specific Variable Values

# No pattern-specific variable values.

# Directories

# : could not be stat'd.
# C:\WINDOWS\System32\WindowsPowerShell\v1.0\ (key C:/WINDOWS/System32/WindowsPowerShell/v1.0/, mtime 1651557838): 33 files, no impossibilities.
# C:\WINDOWS\System32\Wbem (key C:/WINDOWS/System32/Wbem, mtime 1656481409): 177 files, no impossibilities.
# . (key c:/Dhanush/Project/Nanodegree_Workspace/Projects/Capstone_Project/CppND-Capstone-Snake-Game, mtime 1658047305): 15 files, no impossibilities.
# C:\Program Files\ZenZefi\ (key C:/Program Files/ZenZefi/, mtime 1643883737): 25 files, no impossibilities.
# C:\Program Files\dotnet\ (key C:/Program Files/dotnet/, mtime 1573822978): 10 files, no impossibilities.
# c:\Program Files (x86)\Vector CA 
Ndb++ 3.1\Exec32 (key c:/Program Files (x86)/Vector CANdb++ 3.1/Exec32, mtime 1582904445): 27 files, no impossibilities.
# C:\Program Files\Amazon Corretto\jdk1.8.0_292\bin (key C:/Program Files/Amazon Corretto/jdk1.8.0_292/bin, mtime 1624955185): 55 files, no impossibilities.
# C:\Users\SHANKDH\AppData\Local\Programs\Microsoft VS Code\bin (key C:/Users/SHANKDH/AppData/Local/Programs/Microsoft VS Code/bin, mtime 1658007864): 4 files, no impossibilities.
# C:\Dhanush\Project\Repo\OpenSSL-Win64\bin (key C:/Dhanush/Project/Repo/OpenSSL-Win64/bin, mtime 1574124977): 15 files, no impossibilities.
# C:\WINDOWS\System32\OpenSSH\: could not be stat'd.
# C:\Program Files\PuTTY\ (key C:/Program Files/PuTTY/, mtime 1565260311): 12 files, no impossibilities.
# C:\Program Files\Intel\Intel(R) Management Engine Components\DAL (key C:/Program Files/Intel/Intel(R) Management Engine Components/DAL, mtime 1650898401): 4 files, no impossibilities.
# C:\WINDOWS (key C:/WINDOWS, mtime 1617276131): 159 files, no impossibilities.
# 
 C:\Users\SHANKDH\AppData\Local\Microsoft\WindowsApps (key C:/Users/SHANKDH/AppData/Local/Microsoft/WindowsApps, mtime 1655931953): 9 files, no impossibilities.
# C:\Program Files\IBM\gsk8\lib64 (key C:/Program Files/IBM/gsk8/lib64, mtime 1626336749): 20 files, no impossibilities.
# C:\msys64\mingw64\bin (key C:/msys64/mingw64/bin, mtime 1654163695): 210 files, no impossibilities.
# C:\Program Files\Git\cmd (key C:/Program Files/Git/cmd, mtime 1574123618): 8 files, no impossibilities.
# C:\WINDOWS\system32 (key C:/WINDOWS/system32, mtime 1657697815): 3125 files, no impossibilities.
# C:\Program Files (x86)\Amazon Corretto\jdk1.8.0_292\bin (key C:/Program Files (x86)/Amazon Corretto/jdk1.8.0_292/bin, mtime 1624955170): 55 files, no impossibilities.
# C:\Program Files\CMake\bin (key C:/Program Files/CMake/bin, mtime 1654864453): 7 files, no impossibilities.
# C:\Program Files\IBM\gsk8\bin (key C:/Program Files/IBM/gsk8/bin, mtime 1626336749): 4 files, no impossibilities.
# C:\Program Files (x86)\Intel\Intel(R) Management Engine Components\DAL (key C:/Program Files (x86)/Intel/Intel(R) Management Engine Components/DAL, mtime 1650898401): 7 files, no impossibilities.
# C:\Program Files (x86)\GnuWin32\bin (key C:/Program Files (x86)/GnuWin32/bin, mtime 1658008282): 5 files, no impossibilities.

# 3986 files, no impossibilities in 24 directories.

# Implicit Rules

# No implicit rules.

# Files

all:
#  Command-line target.
#  Implicit rule search has not been done.
#  Implicit/static pattern stem: `'
#  File does no 
t exist.
#  File has been updated.
#  Needs to be updated (-q is set).
# automatic
# @ := all
# automatic
# % := 
# automatic
# * := 
# automatic
# + := 
# automatic
# | := 
# automatic
# < := 
# automatic
# ^ := 
# automatic
# ? := 
# variable set hash-table stats:
# Load=8/32=25%, Rehash=0, Collisions=1/10=10%
#  commands to execute (from `makefile', line 2):
	g++ -g -I src/include -I src -L src/lib -o build/Capstone src/main.cpp src/timer.cpp src/food.cpp src/game.cpp src/controller.cpp src/renderer.cpp src/snake.cpp -lmingw32 -lSDL2main -lSDL2
	

# Not a target:
.DEFAULT:
#  Implicit rule search has not been done.
#  Modification time never checked.
#  File has not been updated.

# Not a target:
makefile:
#  Implicit rule search has been done.
#  Last modified 2022-07-17 19:14:28
#  File has been updated.
#  Successfully updated.
# variable set hash-table stats:
# Load=0/32=0%, Rehash=0, Collisions=0/0=0%

# Not a target:
.SUFFIXES:
#  Implicit rule search has not been done.
#  Modification time never che 
cked.
#  File has not been updated.

# files hash-table stats:
# Load=4/1024=0%, Rehash=0, Collisions=0/17=0%
# VPATH Search Paths

# No `vpath' search paths.

# No general (`VPATH' variable) search path.

# # of strings in strcache: 1
# # of strcache buffers: 1
# strcache size: total = 4096 / max = 4096 / min = 4096 / avg = 4096
# strcache free: total = 4087 / max = 4087 / min = 4087 / avg = 4087

# Finished Make data base on Sun Jul 17 19:15:15 2022

 
